# JRE version: Java(TM) SE Runtime Environment (23.0.1+11) (build 23.0.1+11-39)
# Java VM: Java HotSpot(TM) 64-Bit Server VM (23.0.1+11-39, mixed mode, sharing, tiered, compressed oops, compressed class ptrs, g1 gc, linux-amd64)
GC Precious Log:
 CardTable entry size: 512
 Card Set container configuration: InlinePtr #cards 4 size 8 Array Of Cards #cards 16 size 48 Howl #buckets 8 coarsen threshold 3686 Howl Bitmap #cards 512 size 80 coarsen threshold 460 Card regions per heap region 1 cards per card region 4096
 CPUs: 4 total, 4 available
 Memory: 11519M
 Large Page Support: Disabled
 NUMA Support: Disabled
 Compressed Oops: Enabled (Zero based)
 Heap Region Size: 2M
 Heap Min Capacity: 8M
 Heap Initial Capacity: 180M
 Heap Max Capacity: 2880M
 Pre-touch: Disabled
 Parallel Workers: 4
 Concurrent Workers: 1
 Concurrent Refinement Workers: 4
 Periodic GC: Disabled
Heap:
 garbage-first heap   total reserved 2949120K, committed 71680K, used 50959K [0x000000074c000000, 0x0000000800000000)
  region size 2048K, 11 young (22528K), 1 survivors (2048K)
 Metaspace       used 29099K, committed 29632K, reserved 1114112K
  class space    used 3914K, committed 4160K, reserved 1048576K
GC Heap History (20 events):
Event: 163.301 GC heap before
{Heap before GC invocations=9 (full 0):
 garbage-first heap   total reserved 2949120K, committed 55296K, used 43342K [0x000000074c000000, 0x0000000800000000)
  region size 2048K, 8 young (16384K), 2 survivors (4096K)
 Metaspace       used 27829K, committed 28288K, reserved 1114112K
  class space    used 3724K, committed 3968K, reserved 1048576K
}
Event: 163.304 GC heap after
{Heap after GC invocations=10 (full 0):
 garbage-first heap   total reserved 2949120K, committed 55296K, used 31962K [0x000000074c000000, 0x0000000800000000)
  region size 2048K, 1 young (2048K), 1 survivors (2048K)
 Metaspace       used 27829K, committed 28288K, reserved 1114112K
  class space    used 3724K, committed 3968K, reserved 1048576K
}
Event: 212.887 GC heap before
{Heap before GC invocations=11 (full 0):
 garbage-first heap   total reserved 2949120K, committed 55296K, used 42202K [0x000000074c000000, 0x0000000800000000)
  region size 2048K, 7 young (14336K), 1 survivors (2048K)
 Metaspace       used 28212K, committed 28672K, reserved 1114112K
  class space    used 3808K, committed 4032K, reserved 1048576K
}
Event: 212.889 GC heap after
{Heap after GC invocations=12 (full 0):
 garbage-first heap   total reserved 2949120K, committed 55296K, used 29617K [0x000000074c000000, 0x0000000800000000)
  region size 2048K, 1 young (2048K), 1 survivors (2048K)
 Metaspace       used 28212K, committed 28672K, reserved 1114112K
  class space    used 3808K, committed 4032K, reserved 1048576K
}
Event: 234.261 GC heap before
{Heap before GC invocations=12 (full 0):
 garbage-first heap   total reserved 2949120K, committed 55296K, used 43953K [0x000000074c000000, 0x0000000800000000)
  region size 2048K, 8 young (16384K), 1 survivors (2048K)
 Metaspace       used 28692K, committed 29120K, reserved 1114112K
  class space    used 3875K, committed 4096K, reserved 1048576K
}
Event: 234.265 GC heap after
{Heap after GC invocations=13 (full 0):
 garbage-first heap   total reserved 2949120K, committed 55296K, used 26933K [0x000000074c000000, 0x0000000800000000)
  region size 2048K, 1 young (2048K), 1 survivors (2048K)
 Metaspace       used 28692K, committed 29120K, reserved 1114112K
  class space    used 3875K, committed 4096K, reserved 1048576K
}
Event: 253.534 GC heap before
{Heap before GC invocations=13 (full 0):
 garbage-first heap   total reserved 2949120K, committed 55296K, used 45365K [0x000000074c000000, 0x0000000800000000)
  region size 2048K, 10 young (20480K), 1 survivors (2048K)
 Metaspace       used 28942K, committed 29376K, reserved 1114112K
  class space    used 3901K, committed 4096K, reserved 1048576K
}
Event: 253.539 GC heap after
{Heap after GC invocations=14 (full 0):
 garbage-first heap   total reserved 2949120K, committed 55296K, used 29588K [0x000000074c000000, 0x0000000800000000)
  region size 2048K, 2 young (4096K), 2 survivors (4096K)
 Metaspace       used 28942K, committed 29376K, reserved 1114112K
  class space    used 3901K, committed 4096K, reserved 1048576K
}
Event: 270.758 GC heap before
{Heap before GC invocations=14 (full 0):
 garbage-first heap   total reserved 2949120K, committed 55296K, used 43924K [0x000000074c000000, 0x0000000800000000)
  region size 2048K, 9 young (18432K), 2 survivors (4096K)
 Metaspace       used 29023K, committed 29440K, reserved 1114112K
  class space    used 3907K, committed 4096K, reserved 1048576K
}
Event: 270.765 GC heap after
{Heap after GC invocations=15 (full 0):
 garbage-first heap   total reserved 2949120K, committed 55296K, used 34138K [0x000000074c000000, 0x0000000800000000)
  region size 2048K, 2 young (4096K), 2 survivors (4096K)
 Metaspace       used 29023K, committed 29440K, reserved 1114112K
  class space    used 3907K, committed 4096K, reserved 1048576K
}
Event: 281.569 GC heap before
{Heap before GC invocations=16 (full 0):
 garbage-first heap   total reserved 2949120K, committed 59392K, used 46426K [0x000000074c000000, 0x0000000800000000)
  region size 2048K, 8 young (16384K), 2 survivors (4096K)
 Metaspace       used 29043K, committed 29440K, reserved 1114112K
  class space    used 3907K, committed 4096K, reserved 1048576K
}
Event: 281.575 GC heap after
{Heap after GC invocations=17 (full 0):
 garbage-first heap   total reserved 2949120K, committed 59392K, used 38143K [0x000000074c000000, 0x0000000800000000)
  region size 2048K, 1 young (2048K), 1 survivors (2048K)
 Metaspace       used 29043K, committed 29440K, reserved 1114112K
  class space    used 3907K, committed 4096K, reserved 1048576K
}
Event: 300.120 GC heap before
{Heap before GC invocations=17 (full 0):
 garbage-first heap   total reserved 2949120K, committed 59392K, used 50431K [0x000000074c000000, 0x0000000800000000)
  region size 2048K, 7 young (14336K), 1 survivors (2048K)
 Metaspace       used 29070K, committed 29568K, reserved 1114112K
  class space    used 3910K, committed 4160K, reserved 1048576K
}
Event: 300.148 GC heap after
{Heap after GC invocations=18 (full 0):
 garbage-first heap   total reserved 2949120K, committed 59392K, used 40374K [0x000000074c000000, 0x0000000800000000)
  region size 2048K, 1 young (2048K), 1 survivors (2048K)
 Metaspace       used 29070K, committed 29568K, reserved 1114112K
  class space    used 3910K, committed 4160K, reserved 1048576K
}
Event: 329.076 GC heap before
{Heap before GC invocations=18 (full 0):
 garbage-first heap   total reserved 2949120K, committed 59392K, used 50614K [0x000000074c000000, 0x0000000800000000)
  region size 2048K, 6 young (12288K), 1 survivors (2048K)
 Metaspace       used 29071K, committed 29568K, reserved 1114112K
  class space    used 3910K, committed 4160K, reserved 1048576K
}
Event: 329.078 GC heap after
{Heap after GC invocations=19 (full 0):
 garbage-first heap   total reserved 2949120K, committed 59392K, used 40819K [0x000000074c000000, 0x0000000800000000)
  region size 2048K, 1 young (2048K), 1 survivors (2048K)
 Metaspace       used 29071K, committed 29568K, reserved 1114112K
  class space    used 3910K, committed 4160K, reserved 1048576K
}
Event: 352.920 GC heap before
{Heap before GC invocations=20 (full 0):
 garbage-first heap   total reserved 2949120K, committed 71680K, used 49011K [0x000000074c000000, 0x0000000800000000)
  region size 2048K, 5 young (10240K), 1 survivors (2048K)
 Metaspace       used 29073K, committed 29568K, reserved 1114112K
  class space    used 3910K, committed 4160K, reserved 1048576K
}
Event: 352.921 GC heap after
{Heap after GC invocations=21 (full 0):
 garbage-first heap   total reserved 2949120K, committed 71680K, used 40500K [0x000000074c000000, 0x0000000800000000)
  region size 2048K, 1 young (2048K), 1 survivors (2048K)
 Metaspace       used 29073K, committed 29568K, reserved 1114112K
  class space    used 3910K, committed 4160K, reserved 1048576K
}
Event: 406.920 GC heap before
{Heap before GC invocations=21 (full 0):
 garbage-first heap   total reserved 2949120K, committed 71680K, used 58932K [0x000000074c000000, 0x0000000800000000)
  region size 2048K, 10 young (20480K), 1 survivors (2048K)
 Metaspace       used 29079K, committed 29568K, reserved 1114112K
  class space    used 3910K, committed 4160K, reserved 1048576K
}
Event: 406.921 GC heap after
{Heap after GC invocations=22 (full 0):
 garbage-first heap   total reserved 2949120K, committed 71680K, used 32527K [0x000000074c000000, 0x0000000800000000)
  region size 2048K, 1 young (2048K), 1 survivors (2048K)
 Metaspace       used 29079K, committed 29568K, reserved 1114112K
  class space    used 3910K, committed 4160K, reserved 1048576K
}

